<?xml version="1.0" encoding="UTF-8"?>
<testsuite name="ShizzleTest" tests="4" skipped="0" failures="0" errors="0" timestamp="2015-08-11T22:30:53" hostname="epicodus-107.local" time="0.002">
  <properties/>
  <testcase name="shizzle_ReturnsAStringUnchanged_String" classname="ShizzleTest" time="0.001"/>
  <testcase name="shizzle_DoesntReplaceFirstLetterInAWord_String" classname="ShizzleTest" time="0.001"/>
  <testcase name="shizzle_DoesntReplaceCapitalS_String" classname="ShizzleTest" time="0.0"/>
  <testcase name="shizzle_ReplacesAllLettersSWithZ_String" classname="ShizzleTest" time="0.0"/>
  <system-out><![CDATA[]]></system-out>
  <system-err><![CDATA[]]></system-err>
</testsuite>
